<?xml version="1.0" encoding="UTF-8"?>
<robot generator="Robot 7.1 (Python 3.12.6 on darwin)" generated="2024-10-05T21:28:06.680978" rpa="false" schemaversion="5">
<suite id="s1" name="Test-Cases" source="/Users/khongkhunanat.p/Desktop/Selenium/testcases/test-cases.robot">
<test id="s1-t1" name="TC-001" line="10">
<kw name="Open Doppio Browser" owner="common" type="SETUP">
<kw name="Open Browser" owner="SeleniumLibrary">
<msg time="2024-10-05T21:28:06.743574" level="INFO">Opening browser 'gc' to base url 'https://training-platform.doppio-tech.com'.</msg>
<arg>${url}</arg>
<arg>gc</arg>
<doc>Opens a new browser instance to the optional ``url``.</doc>
<status status="PASS" start="2024-10-05T21:28:06.743478" elapsed="2.201069"/>
</kw>
<status status="PASS" start="2024-10-05T21:28:06.743240" elapsed="2.201467"/>
</kw>
<kw name="Open Doppio Browser" owner="common">
<kw name="Open Browser" owner="SeleniumLibrary">
<msg time="2024-10-05T21:28:08.945347" level="INFO">Opening browser 'gc' to base url 'https://training-platform.doppio-tech.com'.</msg>
<arg>${url}</arg>
<arg>gc</arg>
<doc>Opens a new browser instance to the optional ``url``.</doc>
<status status="PASS" start="2024-10-05T21:28:08.945224" elapsed="2.392854"/>
</kw>
<status status="PASS" start="2024-10-05T21:28:08.945003" elapsed="2.393327"/>
</kw>
<kw name="Click For Sign up" owner="home_feature">
<kw name="Click Icon For Register Or Login" owner="home_page">
<kw name="Wait Until Page Contains Element" owner="SeleniumLibrary">
<arg>${home_locator.Icon_for_register_or_login}</arg>
<arg>${GLOBAL_TIMOUT}</arg>
<doc>Waits until the element ``locator`` appears on the current page.</doc>
<status status="PASS" start="2024-10-05T21:28:11.339131" elapsed="0.005854"/>
</kw>
<kw name="Click Element" owner="SeleniumLibrary">
<msg time="2024-10-05T21:28:11.345507" level="INFO">Clicking element 'xpath=//ul[@role='menu']//span[@aria-label="user"]'.</msg>
<arg>${home_locator.Icon_for_register_or_login}</arg>
<doc>Click the element identified by ``locator``.</doc>
<status status="PASS" start="2024-10-05T21:28:11.345333" elapsed="0.041813"/>
</kw>
<status status="PASS" start="2024-10-05T21:28:11.339003" elapsed="0.048218"/>
</kw>
<kw name="Click Button Sign Up" owner="home_page">
<kw name="Wait Until Element Is Enabled" owner="SeleniumLibrary">
<arg>${home_locator.button_signup}</arg>
<arg>${GLOBAL_TIMOUT}</arg>
<doc>Waits until the element ``locator`` is enabled.</doc>
<status status="PASS" start="2024-10-05T21:28:11.387510" elapsed="0.015362"/>
</kw>
<kw name="Click Button" owner="SeleniumLibrary">
<msg time="2024-10-05T21:28:11.403096" level="INFO">Clicking button 'xpath=//button[@class="css-eq3tly ant-btn ant-btn-default button-login"]'.</msg>
<arg>${home_locator.button_signup}</arg>
<doc>Clicks the button identified by ``locator``.</doc>
<status status="PASS" start="2024-10-05T21:28:11.402983" elapsed="0.044889"/>
</kw>
<status status="PASS" start="2024-10-05T21:28:11.387337" elapsed="0.060717"/>
</kw>
<status status="PASS" start="2024-10-05T21:28:11.338758" elapsed="0.109445"/>
</kw>
<kw name="Input Data For Sign Up" owner="register_page">
<kw name="Input Text" owner="SeleniumLibrary">
<msg time="2024-10-05T21:28:11.450077" level="INFO">Typing text 'frequence59.p@doppiotech.com' into text field 'xpath=//input[@id="basic_username"]'.</msg>
<arg>${register_locator.email}</arg>
<arg>${email}</arg>
<doc>Types the given ``text`` into the text field identified by ``locator``.</doc>
<status status="PASS" start="2024-10-05T21:28:11.449902" elapsed="0.120862"/>
</kw>
<kw name="Input Text" owner="SeleniumLibrary">
<msg time="2024-10-05T21:28:11.571025" level="INFO">Typing text 'Kong1234*' into text field 'xpath=//input[@id="basic_password"]'.</msg>
<arg>${register_locator.password}</arg>
<arg>${password}</arg>
<doc>Types the given ``text`` into the text field identified by ``locator``.</doc>
<status status="PASS" start="2024-10-05T21:28:11.570890" elapsed="0.045440"/>
</kw>
<kw name="Input Text" owner="SeleniumLibrary">
<msg time="2024-10-05T21:28:11.616691" level="INFO">Typing text 'Kong1234*' into text field 'xpath=//input[@id="basic_confirmPassword"]'.</msg>
<arg>${register_locator.confirm_password}</arg>
<arg>${password_confirm}</arg>
<doc>Types the given ``text`` into the text field identified by ``locator``.</doc>
<status status="PASS" start="2024-10-05T21:28:11.616535" elapsed="0.039500"/>
</kw>
<kw name="Click Button" owner="SeleniumLibrary">
<msg time="2024-10-05T21:28:11.656273" level="INFO">Clicking button 'xpath=//button[@type="submit"]'.</msg>
<arg>${register_locator.button_signup}</arg>
<doc>Clicks the button identified by ``locator``.</doc>
<status status="PASS" start="2024-10-05T21:28:11.656153" elapsed="0.028445"/>
</kw>
<kw name="Wait Until Element Is Enabled" owner="SeleniumLibrary">
<arg>${register_locator.button_Ok}</arg>
<arg>${GLOBAL_TIMOUT}</arg>
<doc>Waits until the element ``locator`` is enabled.</doc>
<status status="PASS" start="2024-10-05T21:28:11.684726" elapsed="0.869293"/>
</kw>
<kw name="Click Button" owner="SeleniumLibrary">
<msg time="2024-10-05T21:28:12.554543" level="INFO">Clicking button 'xpath=//button[@type="button"]'.</msg>
<arg>${register_locator.button_Ok}</arg>
<doc>Clicks the button identified by ``locator``.</doc>
<status status="PASS" start="2024-10-05T21:28:12.554281" elapsed="0.031446"/>
</kw>
<arg>${email_password.email_register}</arg>
<arg>${email_password.password_register}</arg>
<arg>${email_password.password_register}</arg>
<status status="PASS" start="2024-10-05T21:28:11.448502" elapsed="1.137290"/>
</kw>
<kw name="Click Icon For Register Or Login" owner="home_page">
<kw name="Wait Until Page Contains Element" owner="SeleniumLibrary">
<arg>${home_locator.Icon_for_register_or_login}</arg>
<arg>${GLOBAL_TIMOUT}</arg>
<doc>Waits until the element ``locator`` appears on the current page.</doc>
<status status="PASS" start="2024-10-05T21:28:12.586116" elapsed="0.417215"/>
</kw>
<kw name="Click Element" owner="SeleniumLibrary">
<msg time="2024-10-05T21:28:13.003600" level="INFO">Clicking element 'xpath=//ul[@role='menu']//span[@aria-label="user"]'.</msg>
<arg>${home_locator.Icon_for_register_or_login}</arg>
<doc>Click the element identified by ``locator``.</doc>
<status status="PASS" start="2024-10-05T21:28:13.003465" elapsed="0.127575"/>
</kw>
<status status="PASS" start="2024-10-05T21:28:12.585958" elapsed="0.545177"/>
</kw>
<kw name="Logout" owner="account_page">
<kw name="Wait Until Element Is Enabled" owner="SeleniumLibrary">
<arg>${account_locator.button_logout}</arg>
<doc>Waits until the element ``locator`` is enabled.</doc>
<status status="PASS" start="2024-10-05T21:28:13.131581" elapsed="0.013025"/>
</kw>
<kw name="Click Button" owner="SeleniumLibrary">
<msg time="2024-10-05T21:28:13.144860" level="INFO">Clicking button 'xpath=//section[@class="css-eq3tly ant-layout"]//button[@type="button"]'.</msg>
<arg>${account_locator.button_logout}</arg>
<doc>Clicks the button identified by ``locator``.</doc>
<status status="PASS" start="2024-10-05T21:28:13.144733" elapsed="0.376244"/>
</kw>
<status status="PASS" start="2024-10-05T21:28:13.131378" elapsed="0.389682"/>
</kw>
<kw name="Close all browser" owner="common" type="TEARDOWN">
<kw name="Close All Browsers" owner="SeleniumLibrary">
<doc>Closes all open browsers and resets the browser cache.</doc>
<status status="PASS" start="2024-10-05T21:28:13.521535" elapsed="0.137169"/>
</kw>
<status status="PASS" start="2024-10-05T21:28:13.521356" elapsed="0.137429"/>
</kw>
<status status="PASS" start="2024-10-05T21:28:06.742945" elapsed="6.915902"/>
</test>
<test id="s1-t2" name="TC-002" line="18">
<kw name="Open Doppio Browser" owner="common" type="SETUP">
<kw name="Open Browser" owner="SeleniumLibrary">
<msg time="2024-10-05T21:28:13.659492" level="INFO">Opening browser 'gc' to base url 'https://training-platform.doppio-tech.com'.</msg>
<arg>${url}</arg>
<arg>gc</arg>
<doc>Opens a new browser instance to the optional ``url``.</doc>
<status status="PASS" start="2024-10-05T21:28:13.659397" elapsed="2.367904"/>
</kw>
<status status="PASS" start="2024-10-05T21:28:13.659251" elapsed="2.368205"/>
</kw>
<kw name="Open Doppio Browser" owner="common">
<kw name="Open Browser" owner="SeleniumLibrary">
<msg time="2024-10-05T21:28:16.028240" level="INFO">Opening browser 'gc' to base url 'https://training-platform.doppio-tech.com'.</msg>
<arg>${url}</arg>
<arg>gc</arg>
<doc>Opens a new browser instance to the optional ``url``.</doc>
<status status="PASS" start="2024-10-05T21:28:16.028110" elapsed="1.540169"/>
</kw>
<status status="PASS" start="2024-10-05T21:28:16.027794" elapsed="1.540856"/>
</kw>
<kw name="Click Icon For Register Or Login" owner="home_page">
<kw name="Wait Until Page Contains Element" owner="SeleniumLibrary">
<arg>${home_locator.Icon_for_register_or_login}</arg>
<arg>${GLOBAL_TIMOUT}</arg>
<doc>Waits until the element ``locator`` appears on the current page.</doc>
<status status="PASS" start="2024-10-05T21:28:17.575084" elapsed="0.806161"/>
</kw>
<kw name="Click Element" owner="SeleniumLibrary">
<msg time="2024-10-05T21:28:18.381516" level="INFO">Clicking element 'xpath=//ul[@role='menu']//span[@aria-label="user"]'.</msg>
<arg>${home_locator.Icon_for_register_or_login}</arg>
<doc>Click the element identified by ``locator``.</doc>
<status status="PASS" start="2024-10-05T21:28:18.381380" elapsed="0.040590"/>
</kw>
<status status="PASS" start="2024-10-05T21:28:17.573579" elapsed="0.848510"/>
</kw>
<kw name="Login with the registered account" owner="login_page">
<kw name="Wait Until Element Is Visible" owner="SeleniumLibrary">
<arg>${login_locator.email}</arg>
<arg>${GLOBAL_TIMOUT}</arg>
<doc>Waits until the element ``locator`` is visible.</doc>
<status status="PASS" start="2024-10-05T21:28:18.423603" elapsed="0.013641"/>
</kw>
<kw name="Input Text" owner="SeleniumLibrary">
<msg time="2024-10-05T21:28:18.437483" level="INFO">Typing text 'frequence59.p@doppiotech.com' into text field 'xpath=//input[@type='text']'.</msg>
<arg>${login_locator.email}</arg>
<arg>${email}</arg>
<doc>Types the given ``text`` into the text field identified by ``locator``.</doc>
<status status="PASS" start="2024-10-05T21:28:18.437359" elapsed="0.099988"/>
</kw>
<kw name="Wait Until Element Is Visible" owner="SeleniumLibrary">
<arg>${login_locator.password}</arg>
<arg>${GLOBAL_TIMOUT}</arg>
<doc>Waits until the element ``locator`` is visible.</doc>
<status status="PASS" start="2024-10-05T21:28:18.537487" elapsed="0.009769"/>
</kw>
<kw name="Input Text" owner="SeleniumLibrary">
<msg time="2024-10-05T21:28:18.547461" level="INFO">Typing text 'Kong1234*' into text field 'xpath=//input[@type='password']'.</msg>
<arg>${login_locator.password}</arg>
<arg>${password}</arg>
<doc>Types the given ``text`` into the text field identified by ``locator``.</doc>
<status status="PASS" start="2024-10-05T21:28:18.547352" elapsed="0.038084"/>
</kw>
<kw name="Wait Until Element Is Enabled" owner="SeleniumLibrary">
<arg>${login_locator.submit}</arg>
<arg>${GLOBAL_TIMOUT}</arg>
<doc>Waits until the element ``locator`` is enabled.</doc>
<status status="PASS" start="2024-10-05T21:28:18.585569" elapsed="0.016345"/>
</kw>
<kw name="Click Button" owner="SeleniumLibrary">
<msg time="2024-10-05T21:28:18.602130" level="INFO">Clicking button '//button[@type="submit"]'.</msg>
<arg>${login_locator.submit}</arg>
<doc>Clicks the button identified by ``locator``.</doc>
<status status="PASS" start="2024-10-05T21:28:18.602019" elapsed="0.027231"/>
</kw>
<kw name="Wait Until Element Is Visible" owner="SeleniumLibrary">
<arg>${login_locator.ok}</arg>
<arg>${GLOBAL_TIMOUT}</arg>
<doc>Waits until the element ``locator`` is visible.</doc>
<status status="PASS" start="2024-10-05T21:28:18.629364" elapsed="0.882153"/>
</kw>
<kw name="Click Element" owner="SeleniumLibrary">
<msg time="2024-10-05T21:28:19.512205" level="INFO">Clicking element 'xpath=//div[@class="ant-modal-confirm-body-wrapper"]//span[text()='OK']'.</msg>
<arg>${login_locator.ok}</arg>
<doc>Click the element identified by ``locator``.</doc>
<status status="PASS" start="2024-10-05T21:28:19.511888" elapsed="0.044320"/>
</kw>
<arg>${email_password.email_register}</arg>
<arg>${email_password.password_register}</arg>
<status status="PASS" start="2024-10-05T21:28:18.422751" elapsed="1.133527"/>
</kw>
<kw name="Select and add product into cart" owner="home_feature">
<kw name="Search Product By Keyword" owner="home_page">
<kw name="Wait Until Element Is Visible" owner="SeleniumLibrary">
<arg>${home_locator.input_text}</arg>
<arg>${GLOBAL_TIMOUT}</arg>
<doc>Waits until the element ``locator`` is visible.</doc>
<status status="PASS" start="2024-10-05T21:28:19.557119" elapsed="0.011923"/>
</kw>
<kw name="Input Text" owner="SeleniumLibrary">
<msg time="2024-10-05T21:28:19.569287" level="INFO">Typing text 'phone' into text field 'xpath=//input[@type='text']'.</msg>
<arg>${home_locator.input_text}</arg>
<arg>${type_product}</arg>
<doc>Types the given ``text`` into the text field identified by ``locator``.</doc>
<status status="PASS" start="2024-10-05T21:28:19.569155" elapsed="0.029614"/>
</kw>
<kw name="Wait Until Page Contains Element" owner="SeleniumLibrary">
<arg>${home_locator.element_serch}</arg>
<arg>${GLOBAL_TIMOUT}</arg>
<doc>Waits until the element ``locator`` appears on the current page.</doc>
<status status="PASS" start="2024-10-05T21:28:19.598876" elapsed="0.004727"/>
</kw>
<kw name="Click Element" owner="SeleniumLibrary">
<msg time="2024-10-05T21:28:19.603784" level="INFO">Clicking element 'xpath=//span[@aria-label="search"]'.</msg>
<arg>${home_locator.element_serch}</arg>
<doc>Click the element identified by ``locator``.</doc>
<status status="PASS" start="2024-10-05T21:28:19.603690" elapsed="0.193074"/>
</kw>
<arg>${type_product}</arg>
<status status="PASS" start="2024-10-05T21:28:19.556980" elapsed="0.239884"/>
</kw>
<kw name="Add Product Into Cart" owner="home_page">
<kw name="Wait Until Page Contains Element" owner="SeleniumLibrary">
<arg>${home_locator.select_product}</arg>
<arg>${GLOBAL_TIMOUT}</arg>
<doc>Waits until the element ``locator`` appears on the current page.</doc>
<status status="PASS" start="2024-10-05T21:28:19.797294" elapsed="0.214177"/>
</kw>
<kw name="Get WebElements" owner="SeleniumLibrary">
<msg time="2024-10-05T21:28:20.015585" level="INFO">${elements} = [&lt;selenium.webdriver.remote.webelement.WebElement (session="b3be5c2dc17665035c0080b4dde85f28", element="f.EACF350A2E42A753283140546C79E3EE.d.0429D2510751B2376B9E59FFBC61EF78.e.24")&gt;, &lt;selenium.webdriv...</msg>
<var>${elements}</var>
<arg>${home_locator.select_product}</arg>
<doc>Returns a list of WebElement objects matching the ``locator``.</doc>
<status status="PASS" start="2024-10-05T21:28:20.011823" elapsed="0.003800"/>
</kw>
<kw name="Set Variable" owner="BuiltIn">
<msg time="2024-10-05T21:28:20.015875" level="INFO">${first_element} = &lt;selenium.webdriver.remote.webelement.WebElement (session="b3be5c2dc17665035c0080b4dde85f28", element="f.EACF350A2E42A753283140546C79E3EE.d.0429D2510751B2376B9E59FFBC61EF78.e.24")&gt;</msg>
<var>${first_element}</var>
<arg>${elements}[0]</arg>
<doc>Returns the given values which can then be assigned to a variables.</doc>
<status status="PASS" start="2024-10-05T21:28:20.015741" elapsed="0.000150"/>
</kw>
<kw name="Click Element" owner="SeleniumLibrary">
<msg time="2024-10-05T21:28:20.016303" level="INFO">Clicking element '&lt;selenium.webdriver.remote.webelement.WebElement (session="b3be5c2dc17665035c0080b4dde85f28", element="f.EACF350A2E42A753283140546C79E3EE.d.0429D2510751B2376B9E59FFBC61EF78.e.24")&gt;'.</msg>
<arg>${first_element}</arg>
<doc>Click the element identified by ``locator``.</doc>
<status status="PASS" start="2024-10-05T21:28:20.016082" elapsed="0.016805"/>
</kw>
<status status="PASS" start="2024-10-05T21:28:19.797062" elapsed="0.235900"/>
</kw>
<arg>${search_product.type}</arg>
<status status="PASS" start="2024-10-05T21:28:19.556464" elapsed="0.476532"/>
</kw>
<kw name="Increase or Reduce Product" owner="product_detail_page">
<kw name="Wait Until Page Contains Element" owner="SeleniumLibrary">
<arg>${product_datail_locator.increase_or_reduce}</arg>
<arg>${GLOBAL_TIMOUT}</arg>
<doc>Waits until the element ``locator`` appears on the current page.</doc>
<status status="PASS" start="2024-10-05T21:28:20.033415" elapsed="0.213662"/>
</kw>
<kw name="Click Element" owner="SeleniumLibrary">
<msg time="2024-10-05T21:28:20.247427" level="INFO">Clicking element 'xpath=//button[@type='button']//span[text()='Add to cart']'.</msg>
<arg>${product_datail_locator.increase_or_reduce}</arg>
<doc>Click the element identified by ``locator``.</doc>
<status status="PASS" start="2024-10-05T21:28:20.247226" elapsed="0.023049"/>
</kw>
<kw name="Wait Until Element Is Visible" owner="SeleniumLibrary">
<arg>${product_datail_locator.notice}</arg>
<arg>${GLOBAL_TIMOUT}</arg>
<doc>Waits until the element ``locator`` is visible.</doc>
<status status="PASS" start="2024-10-05T21:28:20.270406" elapsed="0.236844"/>
</kw>
<kw name="Click Element" owner="SeleniumLibrary">
<msg time="2024-10-05T21:28:20.508107" level="INFO">Clicking element 'xpath=//div[@class="ant-modal-confirm-body-wrapper"]//span[text()='OK']'.</msg>
<arg>${product_datail_locator.notice}</arg>
<doc>Click the element identified by ``locator``.</doc>
<status status="PASS" start="2024-10-05T21:28:20.507689" elapsed="0.031807"/>
</kw>
<status status="PASS" start="2024-10-05T21:28:20.033251" elapsed="0.506354"/>
</kw>
<kw name="Fill Delivery info field" owner="delivery_info_page">
<kw name="Wait Until Page Contains Element" owner="SeleniumLibrary">
<arg>${delivery_locator.Icon_cart}</arg>
<arg>${GLOBAL_TIMOUT}</arg>
<doc>Waits until the element ``locator`` appears on the current page.</doc>
<status status="PASS" start="2024-10-05T21:28:20.541486" elapsed="0.007374"/>
</kw>
<kw name="Click Element" owner="SeleniumLibrary">
<msg time="2024-10-05T21:28:20.549161" level="INFO">Clicking element 'xpath=//span[@aria-label="shopping-cart"]'.</msg>
<arg>${delivery_locator.Icon_cart}</arg>
<doc>Click the element identified by ``locator``.</doc>
<status status="PASS" start="2024-10-05T21:28:20.549003" elapsed="0.300696"/>
</kw>
<kw name="Wait Until Element Is Visible" owner="SeleniumLibrary">
<arg>${delivery_locator.load_data}</arg>
<arg>${GLOBAL_TIMOUT}</arg>
<doc>Waits until the element ``locator`` is visible.</doc>
<status status="PASS" start="2024-10-05T21:28:20.849856" elapsed="0.449032"/>
</kw>
<kw name="Input Text" owner="SeleniumLibrary">
<msg time="2024-10-05T21:28:21.299993" level="INFO">Typing text 'Khongkhunanat' into text field 'xpath=//input[@id="form_item_name"]'.</msg>
<arg>${delivery_locator.name}</arg>
<arg>${name}</arg>
<doc>Types the given ``text`` into the text field identified by ``locator``.</doc>
<status status="PASS" start="2024-10-05T21:28:21.299435" elapsed="0.066944"/>
</kw>
<kw name="Wait Until Element Is Visible" owner="SeleniumLibrary">
<arg>${delivery_locator.surname}</arg>
<arg>${GLOBAL_TIMOUT}</arg>
<doc>Waits until the element ``locator`` is visible.</doc>
<status status="PASS" start="2024-10-05T21:28:21.366513" elapsed="0.009620"/>
</kw>
<kw name="Input Text" owner="SeleniumLibrary">
<msg time="2024-10-05T21:28:21.376345" level="INFO">Typing text 'Phitacknaralert' into text field 'xpath=//input[@id="form_item_surName"]'.</msg>
<arg>${delivery_locator.surname}</arg>
<arg>${surname}</arg>
<doc>Types the given ``text`` into the text field identified by ``locator``.</doc>
<status status="PASS" start="2024-10-05T21:28:21.376230" elapsed="0.040892"/>
</kw>
<kw name="Wait Until Element Is Visible" owner="SeleniumLibrary">
<arg>${delivery_locator.address}</arg>
<arg>${GLOBAL_TIMOUT}</arg>
<doc>Waits until the element ``locator`` is visible.</doc>
<status status="PASS" start="2024-10-05T21:28:21.417255" elapsed="0.008448"/>
</kw>
<kw name="Input Text" owner="SeleniumLibrary">
<msg time="2024-10-05T21:28:21.425896" level="INFO">Typing text 'R.Bangbon' into text field 'xpath=//input[@id="form_item_address"]'.</msg>
<arg>${delivery_locator.address}</arg>
<arg>${address}</arg>
<doc>Types the given ``text`` into the text field identified by ``locator``.</doc>
<status status="PASS" start="2024-10-05T21:28:21.425793" elapsed="0.040610"/>
</kw>
<kw name="Wait Until Element Is Visible" owner="SeleniumLibrary">
<arg>${delivery_locator.phone}</arg>
<arg>${GLOBAL_TIMOUT}</arg>
<doc>Waits until the element ``locator`` is visible.</doc>
<status status="PASS" start="2024-10-05T21:28:21.466644" elapsed="0.010181"/>
</kw>
<kw name="Input Text" owner="SeleniumLibrary">
<msg time="2024-10-05T21:28:21.477041" level="INFO">Typing text '0960345643' into text field 'xpath=//input[@id="form_item_phone"]'.</msg>
<arg>${delivery_locator.phone}</arg>
<arg>${telephone}</arg>
<doc>Types the given ``text`` into the text field identified by ``locator``.</doc>
<status status="PASS" start="2024-10-05T21:28:21.476927" elapsed="0.037010"/>
</kw>
<kw name="Wait Until Page Contains Element" owner="SeleniumLibrary">
<arg>${delivery_locator.pay_button}</arg>
<arg>${GLOBAL_TIMOUT}</arg>
<doc>Waits until the element ``locator`` appears on the current page.</doc>
<status status="PASS" start="2024-10-05T21:28:21.514050" elapsed="0.005157"/>
</kw>
<kw name="Click Element" owner="SeleniumLibrary">
<msg time="2024-10-05T21:28:21.519395" level="INFO">Clicking element 'xpath=//button[@type="button"]//span[text()='PAY']'.</msg>
<arg>${delivery_locator.pay_button}</arg>
<doc>Click the element identified by ``locator``.</doc>
<status status="PASS" start="2024-10-05T21:28:21.519301" elapsed="0.029296"/>
</kw>
<arg>${profile.name}</arg>
<arg>${profile.surname}</arg>
<arg>${profile.address}</arg>
<arg>${profile.telephone}</arg>
<status status="PASS" start="2024-10-05T21:28:20.539874" elapsed="1.008793"/>
</kw>
<kw name="Select Payment Method" owner="payment_select_page">
<kw name="Wait Until Element Is Enabled" owner="SeleniumLibrary">
<arg>${payment_select_locator.credit_card}</arg>
<arg>${GLOBAL_TIMOUT}</arg>
<doc>Waits until the element ``locator`` is enabled.</doc>
<status status="PASS" start="2024-10-05T21:28:21.549109" elapsed="0.015715"/>
</kw>
<kw name="Click Button" owner="SeleniumLibrary">
<msg time="2024-10-05T21:28:21.565035" level="INFO">Clicking button 'xpath=//input[@value='creditCard']'.</msg>
<arg>${payment_select_locator.credit_card}</arg>
<doc>Clicks the button identified by ``locator``.</doc>
<status status="PASS" start="2024-10-05T21:28:21.564928" elapsed="0.018521"/>
</kw>
<kw name="Wait Until Page Contains Element" owner="SeleniumLibrary">
<arg>${payment_select_locator.button_next}</arg>
<arg>${GLOBAL_TIMOUT}</arg>
<doc>Waits until the element ``locator`` appears on the current page.</doc>
<status status="PASS" start="2024-10-05T21:28:21.583552" elapsed="0.004445"/>
</kw>
<kw name="Click Element" owner="SeleniumLibrary">
<msg time="2024-10-05T21:28:21.588161" level="INFO">Clicking element 'xpath=//button[@type='button']/span[text()='Next']'.</msg>
<arg>${payment_select_locator.button_next}</arg>
<doc>Click the element identified by ``locator``.</doc>
<status status="PASS" start="2024-10-05T21:28:21.588077" elapsed="0.031754"/>
</kw>
<status status="PASS" start="2024-10-05T21:28:21.548864" elapsed="0.071064"/>
</kw>
<kw name="Purchase the product with credit card" owner="payment_credit_page">
<kw name="Wait Until Page Contains Element" owner="SeleniumLibrary">
<arg>${payment_credit_locator.input_number}</arg>
<arg>${GLOBAL_TIMOUT}</arg>
<doc>Waits until the element ``locator`` appears on the current page.</doc>
<status status="PASS" start="2024-10-05T21:28:21.621184" elapsed="0.005064"/>
</kw>
<kw name="Remove String" owner="String">
<msg time="2024-10-05T21:28:21.626463" level="INFO">${CardNumberNoSpace} = 4111111111111111</msg>
<var>${CardNumberNoSpace}</var>
<arg>${CardNumber}</arg>
<arg>${SPACE}</arg>
<doc>Removes all ``removables`` from the given ``string``.</doc>
<status status="PASS" start="2024-10-05T21:28:21.626353" elapsed="0.000123"/>
</kw>
<kw name="Input Text" owner="SeleniumLibrary">
<msg time="2024-10-05T21:28:21.626635" level="INFO">Typing text '4111111111111111' into text field 'xpath=//input[@id='basic_bin']'.</msg>
<arg>${payment_credit_locator.input_number}</arg>
<arg>${CardNumberNoSpace}</arg>
<doc>Types the given ``text`` into the text field identified by ``locator``.</doc>
<status status="PASS" start="2024-10-05T21:28:21.626538" elapsed="0.043782"/>
</kw>
<kw name="Wait Until Page Contains Element" owner="SeleniumLibrary">
<arg>${payment_credit_locator.input_exp}</arg>
<arg>${GLOBAL_TIMOUT}</arg>
<doc>Waits until the element ``locator`` appears on the current page.</doc>
<status status="PASS" start="2024-10-05T21:28:21.670453" elapsed="0.004599"/>
</kw>
<kw name="Input Text" owner="SeleniumLibrary">
<msg time="2024-10-05T21:28:21.675297" level="INFO">Typing text '14/2025' into text field 'xpath=//input[@id="basic_exp"]'.</msg>
<arg>${payment_credit_locator.input_exp}</arg>
<arg>${EXP}</arg>
<doc>Types the given ``text`` into the text field identified by ``locator``.</doc>
<status status="PASS" start="2024-10-05T21:28:21.675187" elapsed="0.032993"/>
</kw>
<kw name="Wait Until Page Contains Element" owner="SeleniumLibrary">
<arg>${payment_credit_locator.input_cvc}</arg>
<arg>${GLOBAL_TIMOUT}</arg>
<doc>Waits until the element ``locator`` appears on the current page.</doc>
<status status="PASS" start="2024-10-05T21:28:21.708282" elapsed="0.004671"/>
</kw>
<kw name="Input Text" owner="SeleniumLibrary">
<msg time="2024-10-05T21:28:21.713144" level="INFO">Typing text '234' into text field 'xpath=//input[@id="basic_cvc"]'.</msg>
<arg>${payment_credit_locator.input_cvc}</arg>
<arg>${CVC}</arg>
<doc>Types the given ``text`` into the text field identified by ``locator``.</doc>
<status status="PASS" start="2024-10-05T21:28:21.713039" elapsed="0.033286"/>
</kw>
<kw name="Wait Until Page Contains Element" owner="SeleniumLibrary">
<arg>${payment_credit_locator.input_basic_owner}</arg>
<arg>${GLOBAL_TIMOUT}</arg>
<doc>Waits until the element ``locator`` appears on the current page.</doc>
<status status="PASS" start="2024-10-05T21:28:21.746486" elapsed="0.006522"/>
</kw>
<kw name="Input Text" owner="SeleniumLibrary">
<msg time="2024-10-05T21:28:21.753288" level="INFO">Typing text 'kongkunanat' into text field 'xpath=//input[@id="basic_owner"]'.</msg>
<arg>${payment_credit_locator.input_basic_owner}</arg>
<arg>${CardOwner}</arg>
<doc>Types the given ``text`` into the text field identified by ``locator``.</doc>
<status status="PASS" start="2024-10-05T21:28:21.753140" elapsed="0.039639"/>
</kw>
<kw name="Wait Until Page Contains Element" owner="SeleniumLibrary">
<arg>${payment_credit_locator.confirm_button}</arg>
<arg>${GLOBAL_TIMOUT}</arg>
<doc>Waits until the element ``locator`` appears on the current page.</doc>
<status status="PASS" start="2024-10-05T21:28:21.792918" elapsed="0.004618"/>
</kw>
<kw name="Click Element" owner="SeleniumLibrary">
<msg time="2024-10-05T21:28:21.797738" level="INFO">Clicking element 'xpath=//button[@type='submit']//span[text()='Confirm Payment']'.</msg>
<arg>${payment_credit_locator.confirm_button}</arg>
<doc>Click the element identified by ``locator``.</doc>
<status status="PASS" start="2024-10-05T21:28:21.797634" elapsed="0.019482"/>
</kw>
<kw name="Wait Until Element Is Visible" owner="SeleniumLibrary">
<arg>${payment_credit_locator.button_ok}</arg>
<arg>${GLOBAL_TIMOUT}</arg>
<doc>Waits until the element ``locator`` is visible.</doc>
<status status="PASS" start="2024-10-05T21:28:21.817226" elapsed="0.453421"/>
</kw>
<kw name="Click Element" owner="SeleniumLibrary">
<msg time="2024-10-05T21:28:22.271236" level="INFO">Clicking element 'xpath=//div[@class="ant-modal-confirm-body-wrapper"]//span[text()='OK']'.</msg>
<arg>${payment_credit_locator.button_ok}</arg>
<doc>Click the element identified by ``locator``.</doc>
<status status="PASS" start="2024-10-05T21:28:22.270939" elapsed="0.039073"/>
</kw>
<arg>${credit_card.card_number}</arg>
<arg>${credit_card.EXP}</arg>
<arg>${credit_card.CVC}</arg>
<arg>${credit_card.CardOwner}</arg>
<status status="PASS" start="2024-10-05T21:28:21.620128" elapsed="0.689968"/>
</kw>
<kw name="Click Icon For Register Or Login" owner="home_page">
<kw name="Wait Until Page Contains Element" owner="SeleniumLibrary">
<arg>${home_locator.Icon_for_register_or_login}</arg>
<arg>${GLOBAL_TIMOUT}</arg>
<doc>Waits until the element ``locator`` appears on the current page.</doc>
<status status="PASS" start="2024-10-05T21:28:22.310533" elapsed="0.004273"/>
</kw>
<kw name="Click Element" owner="SeleniumLibrary">
<msg time="2024-10-05T21:28:22.315083" level="INFO">Clicking element 'xpath=//ul[@role='menu']//span[@aria-label="user"]'.</msg>
<arg>${home_locator.Icon_for_register_or_login}</arg>
<doc>Click the element identified by ``locator``.</doc>
<status status="PASS" start="2024-10-05T21:28:22.314945" elapsed="0.203686"/>
</kw>
<status status="PASS" start="2024-10-05T21:28:22.310331" elapsed="0.208443"/>
</kw>
<kw name="The order should be created checked" owner="account_page">
<kw name="Run Keyword And Return Status" owner="BuiltIn">
<kw name="Wait Until Page Contains Element" owner="SeleniumLibrary">
<arg>${account_locator.find_table}</arg>
<arg>${GLOBAL_TIMOUT}</arg>
<doc>Waits until the element ``locator`` appears on the current page.</doc>
<status status="PASS" start="2024-10-05T21:28:22.519726" elapsed="0.648463"/>
</kw>
<msg time="2024-10-05T21:28:23.168368" level="INFO">${result} = True</msg>
<var>${result}</var>
<arg>Wait Until Page Contains Element</arg>
<arg>${account_locator.find_table}</arg>
<arg>${GLOBAL_TIMOUT}</arg>
<doc>Runs the given keyword with given arguments and returns the status as a Boolean value.</doc>
<status status="PASS" start="2024-10-05T21:28:22.519497" elapsed="0.648899"/>
</kw>
<kw name="Run Keyword If" owner="BuiltIn">
<kw name="Log To Console" owner="BuiltIn">
<arg>The order</arg>
<arg>should be created</arg>
<doc>Logs the given message to the console.</doc>
<status status="PASS" start="2024-10-05T21:28:23.168903" elapsed="0.000190"/>
</kw>
<arg>${result}</arg>
<arg>Log To Console</arg>
<arg>The order</arg>
<arg>should be created</arg>
<arg>ELSE</arg>
<arg>Log To Console</arg>
<arg>The order</arg>
<arg>not should be created</arg>
<doc>Runs the given keyword with the given arguments, if ``condition`` is true.</doc>
<status status="PASS" start="2024-10-05T21:28:23.168622" elapsed="0.000530"/>
</kw>
<status status="PASS" start="2024-10-05T21:28:22.519121" elapsed="0.650105"/>
</kw>
<kw name="Close all browser" owner="common" type="TEARDOWN">
<kw name="Close All Browsers" owner="SeleniumLibrary">
<doc>Closes all open browsers and resets the browser cache.</doc>
<status status="PASS" start="2024-10-05T21:28:23.169799" elapsed="0.157179"/>
</kw>
<status status="PASS" start="2024-10-05T21:28:23.169544" elapsed="0.157509"/>
</kw>
<status status="PASS" start="2024-10-05T21:28:13.659051" elapsed="9.668069"/>
</test>
<status status="PASS" start="2024-10-05T21:28:06.681542" elapsed="16.645924"/>
</suite>
<statistics>
<total>
<stat pass="2" fail="0" skip="0">All Tests</stat>
</total>
<tag>
</tag>
<suite>
<stat pass="2" fail="0" skip="0" id="s1" name="Test-Cases">Test-Cases</stat>
</suite>
</statistics>
<errors>
</errors>
</robot>
